{"C:\\Users\\VIP\\OneDrive\\Desktop\\food-order-app\\src\\components\\Card.js": {"path":"C:\\Users\\VIP\\OneDrive\\Desktop\\food-order-app\\src\\components\\Card.js","statementMap":{"0":{"start":{"line":4,"column":13},"end":{"line":30,"column":1}},"1":{"start":{"line":5,"column":22},"end":{"line":5,"column":27}},"2":{"start":{"line":12,"column":8},"end":{"line":12,"column":23}},"3":{"start":{"line":13,"column":4},"end":{"line":29,"column":5}},"4":{"start":{"line":37,"column":33},"end":{"line":46,"column":1}},"5":{"start":{"line":38,"column":4},"end":{"line":45,"column":5}},"6":{"start":{"line":39,"column":8},"end":{"line":44,"column":9}}},"fnMap":{"0":{"name":"(anonymous_0)","decl":{"start":{"line":4,"column":13},"end":{"line":4,"column":14}},"loc":{"start":{"line":4,"column":24},"end":{"line":30,"column":1}},"line":4},"1":{"name":"(anonymous_1)","decl":{"start":{"line":37,"column":33},"end":{"line":37,"column":34}},"loc":{"start":{"line":37,"column":43},"end":{"line":46,"column":1}},"line":37},"2":{"name":"(anonymous_2)","decl":{"start":{"line":38,"column":11},"end":{"line":38,"column":12}},"loc":{"start":{"line":38,"column":21},"end":{"line":45,"column":5}},"line":38}},"branchMap":{},"s":{"0":1,"1":1,"2":1,"3":1,"4":1,"5":0,"6":0},"f":{"0":1,"1":0,"2":0},"b":{},"_coverageSchema":"1a1c01bbd47fc00a2c39e90264f33305004495a9","hash":"6c3ad15fd7ff1ca4d838beccf195685c86472b13"}
,"C:\\Users\\VIP\\OneDrive\\Desktop\\food-order-app\\src\\components\\Contact.js": {"path":"C:\\Users\\VIP\\OneDrive\\Desktop\\food-order-app\\src\\components\\Contact.js","statementMap":{"0":{"start":{"line":3,"column":16},"end":{"line":17,"column":1}},"1":{"start":{"line":4,"column":4},"end":{"line":16,"column":5}}},"fnMap":{"0":{"name":"(anonymous_0)","decl":{"start":{"line":3,"column":16},"end":{"line":3,"column":17}},"loc":{"start":{"line":3,"column":22},"end":{"line":17,"column":1}},"line":3}},"branchMap":{},"s":{"0":1,"1":4},"f":{"0":4},"b":{},"_coverageSchema":"1a1c01bbd47fc00a2c39e90264f33305004495a9","hash":"ceb10bf4aa0d18e6ad9752b76a45caee7fc7037a"}
,"C:\\Users\\VIP\\OneDrive\\Desktop\\food-order-app\\src\\components\\Header.js": {"path":"C:\\Users\\VIP\\OneDrive\\Desktop\\food-order-app\\src\\components\\Header.js","statementMap":{"0":{"start":{"line":10,"column":15},"end":{"line":43,"column":1}},"1":{"start":{"line":11,"column":34},"end":{"line":11,"column":51}},"2":{"start":{"line":12,"column":25},"end":{"line":12,"column":42}},"3":{"start":{"line":14,"column":27},"end":{"line":14,"column":50}},"4":{"start":{"line":18,"column":22},"end":{"line":18,"column":62}},"5":{"start":{"line":18,"column":45},"end":{"line":18,"column":61}},"6":{"start":{"line":19,"column":4},"end":{"line":19,"column":27}},"7":{"start":{"line":21,"column":4},"end":{"line":42,"column":5}},"8":{"start":{"line":36,"column":20},"end":{"line":36,"column":85}}},"fnMap":{"0":{"name":"(anonymous_0)","decl":{"start":{"line":10,"column":15},"end":{"line":10,"column":16}},"loc":{"start":{"line":10,"column":21},"end":{"line":43,"column":1}},"line":10},"1":{"name":"(anonymous_1)","decl":{"start":{"line":18,"column":34},"end":{"line":18,"column":35}},"loc":{"start":{"line":18,"column":45},"end":{"line":18,"column":61}},"line":18},"2":{"name":"(anonymous_2)","decl":{"start":{"line":35,"column":51},"end":{"line":35,"column":52}},"loc":{"start":{"line":35,"column":55},"end":{"line":37,"column":17}},"line":35}},"branchMap":{"0":{"loc":{"start":{"line":29,"column":39},"end":{"line":29,"column":79}},"type":"cond-expr","locations":[{"start":{"line":29,"column":54},"end":{"line":29,"column":64}},{"start":{"line":29,"column":67},"end":{"line":29,"column":79}}],"line":29},"1":{"loc":{"start":{"line":36,"column":20},"end":{"line":36,"column":84}},"type":"cond-expr","locations":[{"start":{"line":36,"column":42},"end":{"line":36,"column":62}},{"start":{"line":36,"column":65},"end":{"line":36,"column":84}}],"line":36}},"s":{"0":1,"1":5,"2":5,"3":5,"4":5,"5":9,"6":5,"7":5,"8":1},"f":{"0":5,"1":9,"2":1},"b":{"0":[5,0],"1":[1,0]},"_coverageSchema":"1a1c01bbd47fc00a2c39e90264f33305004495a9","hash":"0ce129a35b172e96a4e16914fc244346a0accd6f"}
,"C:\\Users\\VIP\\OneDrive\\Desktop\\food-order-app\\src\\components\\sum.js": {"path":"C:\\Users\\VIP\\OneDrive\\Desktop\\food-order-app\\src\\components\\sum.js","statementMap":{"0":{"start":{"line":1,"column":19},"end":{"line":3,"column":1}},"1":{"start":{"line":2,"column":4},"end":{"line":2,"column":17}}},"fnMap":{"0":{"name":"(anonymous_0)","decl":{"start":{"line":1,"column":19},"end":{"line":1,"column":20}},"loc":{"start":{"line":1,"column":29},"end":{"line":3,"column":1}},"line":1}},"branchMap":{},"s":{"0":1,"1":1},"f":{"0":1},"b":{},"_coverageSchema":"1a1c01bbd47fc00a2c39e90264f33305004495a9","hash":"6c1a769e5ebc6cb29ab532d3aae01df068a8b80a"}
,"C:\\Users\\VIP\\OneDrive\\Desktop\\food-order-app\\src\\utils\\UserContext.js": {"path":"C:\\Users\\VIP\\OneDrive\\Desktop\\food-order-app\\src\\utils\\UserContext.js","statementMap":{"0":{"start":{"line":3,"column":20},"end":{"line":5,"column":2}}},"fnMap":{},"branchMap":{},"s":{"0":1},"f":{},"b":{},"_coverageSchema":"1a1c01bbd47fc00a2c39e90264f33305004495a9","hash":"dc717264b2191fda1a144858a8cf2e6bb424381d"}
,"C:\\Users\\VIP\\OneDrive\\Desktop\\food-order-app\\src\\utils\\appStore.js": {"path":"C:\\Users\\VIP\\OneDrive\\Desktop\\food-order-app\\src\\utils\\appStore.js","statementMap":{"0":{"start":{"line":4,"column":17},"end":{"line":8,"column":2}}},"fnMap":{},"branchMap":{},"s":{"0":1},"f":{},"b":{},"_coverageSchema":"1a1c01bbd47fc00a2c39e90264f33305004495a9","hash":"2d38c55bd0d00efa3275ca23229be56ec648f125"}
,"C:\\Users\\VIP\\OneDrive\\Desktop\\food-order-app\\src\\utils\\cartSlice.js": {"path":"C:\\Users\\VIP\\OneDrive\\Desktop\\food-order-app\\src\\utils\\cartSlice.js","statementMap":{"0":{"start":{"line":5,"column":18},"end":{"line":22,"column":2}},"1":{"start":{"line":13,"column":12},"end":{"line":13,"column":45}},"2":{"start":{"line":16,"column":12},"end":{"line":16,"column":30}},"3":{"start":{"line":19,"column":12},"end":{"line":19,"column":35}},"4":{"start":{"line":24,"column":48},"end":{"line":24,"column":65}}},"fnMap":{"0":{"name":"(anonymous_0)","decl":{"start":{"line":11,"column":17},"end":{"line":11,"column":18}},"loc":{"start":{"line":11,"column":35},"end":{"line":14,"column":9}},"line":11},"1":{"name":"(anonymous_1)","decl":{"start":{"line":15,"column":20},"end":{"line":15,"column":21}},"loc":{"start":{"line":15,"column":31},"end":{"line":17,"column":9}},"line":15},"2":{"name":"(anonymous_2)","decl":{"start":{"line":18,"column":19},"end":{"line":18,"column":20}},"loc":{"start":{"line":18,"column":30},"end":{"line":20,"column":9}},"line":18}},"branchMap":{},"s":{"0":1,"1":0,"2":0,"3":0,"4":1},"f":{"0":0,"1":0,"2":0},"b":{},"_coverageSchema":"1a1c01bbd47fc00a2c39e90264f33305004495a9","hash":"2c3943459eac16a69d610b645429e9ba7f353007"}
,"C:\\Users\\VIP\\OneDrive\\Desktop\\food-order-app\\src\\utils\\constant.js": {"path":"C:\\Users\\VIP\\OneDrive\\Desktop\\food-order-app\\src\\utils\\constant.js","statementMap":{"0":{"start":{"line":1,"column":23},"end":{"line":1,"column":106}},"1":{"start":{"line":3,"column":24},"end":{"line":3,"column":125}},"2":{"start":{"line":5,"column":24},"end":{"line":5,"column":154}}},"fnMap":{},"branchMap":{},"s":{"0":2,"1":2,"2":2},"f":{},"b":{},"_coverageSchema":"1a1c01bbd47fc00a2c39e90264f33305004495a9","hash":"9c2c542a9a5ed3395df9c5d0a35d83536f0e9ede"}
,"C:\\Users\\VIP\\OneDrive\\Desktop\\food-order-app\\src\\utils\\useOnlineStatus.js": {"path":"C:\\Users\\VIP\\OneDrive\\Desktop\\food-order-app\\src\\utils\\useOnlineStatus.js","statementMap":{"0":{"start":{"line":5,"column":24},"end":{"line":20,"column":1}},"1":{"start":{"line":7,"column":44},"end":{"line":7,"column":58}},"2":{"start":{"line":9,"column":4},"end":{"line":17,"column":11}},"3":{"start":{"line":10,"column":8},"end":{"line":12,"column":9}},"4":{"start":{"line":11,"column":12},"end":{"line":11,"column":34}},"5":{"start":{"line":14,"column":8},"end":{"line":16,"column":10}},"6":{"start":{"line":15,"column":12},"end":{"line":15,"column":33}},"7":{"start":{"line":19,"column":4},"end":{"line":19,"column":24}}},"fnMap":{"0":{"name":"(anonymous_0)","decl":{"start":{"line":5,"column":24},"end":{"line":5,"column":25}},"loc":{"start":{"line":5,"column":30},"end":{"line":20,"column":1}},"line":5},"1":{"name":"(anonymous_1)","decl":{"start":{"line":9,"column":14},"end":{"line":9,"column":15}},"loc":{"start":{"line":9,"column":18},"end":{"line":17,"column":5}},"line":9},"2":{"name":"(anonymous_2)","decl":{"start":{"line":10,"column":43},"end":{"line":10,"column":44}},"loc":{"start":{"line":11,"column":12},"end":{"line":11,"column":34}},"line":11},"3":{"name":"(anonymous_3)","decl":{"start":{"line":14,"column":42},"end":{"line":14,"column":43}},"loc":{"start":{"line":14,"column":46},"end":{"line":16,"column":9}},"line":14}},"branchMap":{},"s":{"0":1,"1":5,"2":5,"3":4,"4":0,"5":4,"6":0,"7":5},"f":{"0":5,"1":4,"2":0,"3":0},"b":{},"_coverageSchema":"1a1c01bbd47fc00a2c39e90264f33305004495a9","hash":"8d8dce753349371d3cfb029401401f77f54d5a42"}
}
